2025-05-22 08:50:09,490 try to login
2025-05-22 08:51:24,834 try to login
2025-05-22 08:58:35,715 try to login
2025-05-22 09:02:26,744 try to login
2025-05-22 09:04:42,805 try to login
2025-05-22 09:10:31,262 try to login
2025-05-22 09:41:32,713 try to login
2025-05-22 10:12:53,369 try to login
2025-05-22 10:12:57,256 try to login
2025-05-22 10:14:28,142 try to login
2025-05-22 10:15:13,055 try to login
2025-05-22 10:15:26,557 try to login
2025-05-22 10:25:07,035 try to login
2025-05-22 10:26:54,157 try to login
2025-05-22 10:31:51,975 try to login
2025-05-22 10:41:47,684 try to login
2025-05-22 10:41:50,866 try to login
2025-05-22 10:43:18,018 try to login
2025-05-22 10:50:10,489 try to login
2025-05-23 07:55:17,564 try to login
2025-05-23 09:31:32,877 try to login
2025-07-07 16:35:30,153 try to login
2025-11-05 09:07:24,498 try to login
2025-11-05 10:29:20,125 try to login
2025-11-05 10:54:56,844 try to login
2025-11-05 11:01:16,084 try to login
2025-11-05 12:07:27,622 try to login
2025-11-05 12:08:32,036 try to login
2025-11-05 15:50:30,559 try to login
2025-11-05 16:06:29,410 try to login
2025-11-05 16:10:44,533 try to login
2025-11-05 16:35:21,857 try to login
2025-11-05 16:59:05,020 try to login
2025-11-06 11:29:01,162 try to login
2025-11-06 11:36:04,529 try to login
2025-11-06 11:46:54,668 try to login
2025-11-06 14:13:20,766 try to login
2025-11-07 09:39:17,276 try to login
2025-11-07 09:41:37,605 try to login
2025-11-07 10:20:53,124 try to login
2025-11-07 10:52:30,633 try to login
2025-11-07 14:04:57,546 try to login
2025-11-07 15:17:35,291 try to login
2025-11-13 15:53:31,237 try to login
2025-11-13 17:12:01,248 try to login
2025-11-18 16:19:35,873 try to login
2025-11-19 08:53:06,074 try to login
2025-11-19 17:01:15,824 serveAnalisaTandan initialized
2025-11-19 17:01:15,824 serveAnalisaTandan initialized
2025-11-19 17:02:52,571 serveMasterData initialized
2025-11-19 17:02:52,572 serveAnalisaTandan initialized
2025-11-19 17:02:52,572 serveMasterData initialized
2025-11-19 17:02:52,572 serveAnalisaTandan initialized
2025-11-19 17:04:05,552 serveProduksi initialized
2025-11-19 17:04:05,554 serveMasterData initialized
2025-11-19 17:04:05,555 serveAnalisaTandan initialized
2025-11-19 17:04:05,555 serveProduksi initialized
2025-11-19 17:04:05,555 serveMasterData initialized
2025-11-19 17:04:05,555 serveAnalisaTandan initialized
2025-11-19 17:04:58,945 serveProduksi initialized
2025-11-19 17:04:58,948 serveSegregasi initialized
2025-11-19 17:04:58,949 serveMasterData initialized
2025-11-19 17:04:58,949 serveAnalisaTandan initialized
2025-11-19 17:04:58,949 serveProduksi initialized
2025-11-19 17:04:58,950 serveSegregasi initialized
2025-11-19 17:04:58,950 serveMasterData initialized
2025-11-19 17:04:58,950 serveAnalisaTandan initialized
2025-11-19 17:05:54,515 serveProduksi initialized
2025-11-19 17:05:54,516 serveSegregasi initialized
2025-11-19 17:05:54,519 serveSensusTanaman initialized
2025-11-19 17:05:54,519 serveMasterData initialized
2025-11-19 17:05:54,520 serveAnalisaTandan initialized
2025-11-19 17:05:54,520 serveProduksi initialized
2025-11-19 17:05:54,520 serveSegregasi initialized
2025-11-19 17:05:54,520 serveSensusTanaman initialized
2025-11-19 17:05:54,520 serveMasterData initialized
2025-11-19 17:05:54,520 serveAnalisaTandan initialized
2025-11-19 17:07:40,253 serveProduksi initialized
2025-11-19 17:07:40,255 serveSegregasi initialized
2025-11-19 17:07:40,256 serveSensusTanaman initialized
